<?xml version="1.0" encoding="UTF-8"?>
<testsuite name="ConstructionEngineerTest" tests="1" skipped="0" failures="0" errors="0" timestamp="2020-09-16T01:01:54" hostname="C02YP08KJHD5MBP" time="0.057">
  <properties/>
  <testcase name="testConstructHouse" classname="ConstructionEngineerTest" time="0.057"/>
  <system-out><![CDATA[ConcreteHouseBuilder: Foundation complete...
ConcreteHouseBuilder: Structure complete...
ConcreteHouseBuilder: Roof complete...
ConcreteHouseBuilder: Painting complete...
ConcreteHouseBuilder: Furnishing complete...
ConcreteHouseBuilder: Concrete house complete...
House is: House{foundation='Concrete, brick, and stone', structure='Concrete, mortar, brick, and reinforced steel', roof='Concrete and reinforced steel', furnished=true, painted=true}
PrefabricatedHouseBuilder: Foundation complete...
PrefabricatedHouseBuilder: Structure complete...
PrefabricatedHouseBuilder: Roof complete...
PrefabricatedHouseBuilder: Painting not required...
PrefabricatedHouseBuilder: Furnishing complete...
PrefabricatedHouseBuilder: Prefabricated house complete...
House is: House{foundation='Wood, laminate, and PVC flooring', structure='Structural steels and wooden wall panels', roof='Roofing sheets', furnished=true, painted=false}
]]></system-out>
  <system-err><![CDATA[]]></system-err>
</testsuite>
